 n=392 c=0.6119628553176348
|..  n=196 c=0.41778279292147374
|.. |..  n=98 c=0.20350003839926872
|.. |.. |..  n=49 c=0.16045869783401778
|.. |.. |.. |..  n=24 c=0.15352713033816673
|.. |.. |.. |.. |..  n=12     goals=[4425, 10, 10]
|.. |.. |.. |.. |..  n=12     goals=[4464, 12, 10]
|.. |.. |.. |..  n=25 c=0.11092042068550155
|.. |.. |.. |.. |..  n=12     goals=[4096, 13, 10]
|.. |.. |.. |.. |..  n=13     goals=[3664, 11, 10]
|.. |.. |..  n=49 c=0.16353353422451036
|.. |.. |.. |..  n=24 c=0.12299414658242935
|.. |.. |.. |.. |..  n=12     goals=[3940, 13, 20]
|.. |.. |.. |.. |..  n=12     goals=[4215, 13, 20]
|.. |.. |.. |..  n=25 c=0.14619475547237815
|.. |.. |.. |.. |..  n=12     goals=[3504, 12, 20]
|.. |.. |.. |.. |..  n=13     goals=[3870, 15, 10]
|.. |..  n=98 c=0.2497280818221957
|.. |.. |..  n=49 c=0.1864353023753455
|.. |.. |.. |..  n=24 c=0.17985836540526629
|.. |.. |.. |.. |..  n=12     goals=[3329, 15.5, 20]
|.. |.. |.. |.. |..  n=12     goals=[3785, 19, 20]
|.. |.. |.. |..  n=25 c=0.17843268826156722
|.. |.. |.. |.. |..  n=12     goals=[3630, 17.7, 20]
|.. |.. |.. |.. |..  n=13     goals=[3380, 15.8, 20]
|.. |.. |..  n=49 c=0.20501971477204284
|.. |.. |.. |..  n=24 c=0.203173086113963
|.. |.. |.. |.. |..  n=12     goals=[2774, 15.5, 20]
|.. |.. |.. |.. |..  n=12     goals=[2789, 15, 20]
|.. |.. |.. |..  n=25 c=0.16814322884240906
|.. |.. |.. |.. |..  n=12     goals=[2740, 16, 20]
|.. |.. |.. |.. |..  n=13     goals=[2700, 12.9, 30]
|..  n=196 c=0.32259973071013975
|.. |..  n=98 c=0.28338144830021617
|.. |.. |..  n=49 c=0.20521094906594672
|.. |.. |.. |..  n=24 c=0.10590719345478333
|.. |.. |.. |.. |..  n=12     goals=[2525, 16, 30]
|.. |.. |.. |.. |..  n=12     goals=[2870, 18.1, 30]
|.. |.. |.. |..  n=25 c=0.19944868361382
|.. |.. |.. |.. |..  n=12     goals=[2635, 18.3, 30]
|.. |.. |.. |.. |..  n=13     goals=[2150, 14.9, 30]
|.. |.. |..  n=49 c=0.18872244445767725
|.. |.. |.. |..  n=24 c=0.0974169420313108
|.. |.. |.. |.. |..  n=12     goals=[1945, 16.8, 30]
|.. |.. |.. |.. |..  n=12     goals=[1755, 16.9, 40]
|.. |.. |.. |..  n=25 c=0.17571244117229523
|.. |.. |.. |.. |..  n=12     goals=[2228, 14, 30]
|.. |.. |.. |.. |..  n=13     goals=[1795, 17.4, 30]
|.. |..  n=98 c=0.30551267245206704
|.. |.. |..  n=49 c=0.21736734220415826
|.. |.. |.. |..  n=24 c=0.14573758351840954
|.. |.. |.. |.. |..  n=12     goals=[2408, 19, 20]
|.. |.. |.. |.. |..  n=12     goals=[2300, 15.5, 30]
|.. |.. |.. |..  n=25 c=0.19967238624479994
|.. |.. |.. |.. |..  n=12     goals=[2430, 14.5, 20]
|.. |.. |.. |.. |..  n=13     goals=[2379, 16.5, 20]
|.. |.. |..  n=49 c=0.264336080022083
|.. |.. |.. |..  n=24 c=0.1715966945337466
|.. |.. |.. |.. |..  n=12     goals=[2144, 14.7, 40]
|.. |.. |.. |.. |..  n=12     goals=[2000, 16, 30]
|.. |.. |.. |..  n=25 c=0.16194419950889435
|.. |.. |.. |.. |..  n=12     goals=[2957, 17, 20]
|.. |.. |.. |.. |..  n=13     goals=[2065, 14.5, 30]


['Weight-', 'Acceleration+', 'Mpg+']

[1755, 16.9, 40]
[1795, 17.4, 30]
[2144, 14.7, 40]
[1945, 16.8, 30]
[2000, 16, 30]
[2635, 18.3, 30]
[2065, 14.5, 30]
[2150, 14.9, 30]
[2300, 15.5, 30]
[2870, 18.1, 30]
[2525, 16, 30]
[2228, 14, 30]
[2408, 19, 20]
[2379, 16.5, 20]
[2700, 12.9, 30]
[2740, 16, 20]
[2430, 14.5, 20]
[2957, 17, 20]
[2774, 15.5, 20]
[2789, 15, 20]
[3785, 19, 20]
[3630, 17.7, 20]
[3380, 15.8, 20]
[3329, 15.5, 20]
[3504, 12, 20]
[3940, 13, 20]
[4215, 13, 20]
[3870, 15, 10]
[3664, 11, 10]
[4096, 13, 10]
[4464, 12, 10]
[4425, 10, 10]


{:at 0, :name Cylinders, :low 4.0, :high 4.0, :best 13, :rest 0}
{:at 0, :name Cylinders, :low 8.0, :high 8.0, :best 0, :rest 12}
{:at 1, :name Displacement, :low 88.0, :high 104.0, :best 9, :rest 0}
{:at 1, :name Displacement, :low 110.0, :high 455.0, :best 4, :rest 12}
{:at 2, :name Horsepower, :low 70.0, :high 78.0, :best 7, :rest 0}
{:at 2, :name Horsepower, :low 83.0, :high 95.0, :best 5, :rest 0}
{:at 2, :name Horsepower, :low 113.0, :high 198.0, :best 1, :rest 4}
{:at 2, :name Horsepower, :low 208.0, :high 225.0, :best 0, :rest 8}
{:at 5, :name Model, :low 70.0, :high 70.0, :best 3, :rest 6}
{:at 5, :name Model, :low 71.0, :high 72.0, :best 2, :rest 3}
{:at 5, :name Model, :low 73.0, :high 74.0, :best 3, :rest 3}
{:at 5, :name Model, :low 75.0, :high 77.0, :best 5, :rest 0}
{:at 6, :name origin, :low 2, :high 2, :best 13, :rest 0}
{:at 6, :name origin, :low 1, :high 1, :best 0, :rest 12}


best [4, 104, 95, 2375, 17.5, 70, '2', 30]
best [4, 98, 83, 2219, 16.5, 74, '2', 30]
best [4, 97, 78, 1940, 14.5, 77, '2', 30]
best [4, 101, 83, 2202, 15.3, 76, '2', 30]
best [4, 90, 70, 1937, 14, 75, '2', 30]
best [4, 110, 87, 2672, 17.5, 70, '2', 30]
best [4, 88, 76, 2065, 14.5, 71, '2', 30]
best [4, 116, 90, 2123, 14, 71, '2', 30]
best [4, 97, 78, 2190, 14.1, 77, '2', 30]
best [4, 97, 78, 2300, 14.5, 74, '2', 30]
best [4, 97, 71, 1825, 12.2, 76, '2', 30]
best [4, 116, 75, 2246, 14, 74, '2', 30]
best [4, 121, 113, 2234, 12.5, 70, '2', 30]

worst [8, 304, 193, 4732, 18.5, 70, '1', 10]
worst [8, 318, 210, 4382, 13.5, 70, '1', 10]
worst [8, 360, 215, 4615, 14, 70, '1', 10]
worst [8, 400, 190, 4422, 12.5, 72, '1', 10]
worst [8, 400, 175, 4385, 12, 72, '1', 10]
worst [8, 429, 208, 4633, 11, 72, '1', 10]
worst [8, 455, 225, 4425, 10, 70, '1', 10]
worst [8, 440, 215, 4735, 11, 73, '1', 10]
worst [8, 454, 220, 4354, 9, 70, '1', 10]
worst [8, 440, 215, 4312, 8.5, 70, '1', 10]
worst [8, 429, 198, 4952, 11.5, 73, '1', 10]
worst [8, 455, 225, 4951, 11, 73, '1', 10]
